{"contracts\\Controller.sol":{"l":{"19":0,"23":0,"24":0,"25":0,"26":0,"27":0,"34":0,"35":0,"36":0,"37":0,"40":0,"48":0,"52":0,"53":0,"55":0,"56":0,"62":0},"path":"C:\\Users\\germa\\Documents\\Repositories\\blockchain\\blockchain-strategies-architecture\\contracts\\Controller.sol","s":{"1":0,"2":0,"3":0,"4":0,"5":0,"6":0,"7":0,"8":0,"9":0,"10":0,"11":0,"12":0,"13":0,"14":0,"15":0},"b":{"1":[0,0],"2":[0,0]},"f":{"1":2,"2":0,"3":0,"4":0},"fnMap":{"1":{"name":"constructor","line":14,"loc":{"start":{"line":14,"column":4},"end":{"line":14,"column":19}}},"2":{"name":"createStrategyGroup","line":16,"loc":{"start":{"line":16,"column":4},"end":{"line":28,"column":4}}},"3":{"name":"addStrategy","line":30,"loc":{"start":{"line":30,"column":4},"end":{"line":41,"column":4}}},"4":{"name":"executeStrategy","line":43,"loc":{"start":{"line":43,"column":4},"end":{"line":67,"column":4}}}},"statementMap":{"1":{"start":{"line":19,"column":8},"end":{"line":19,"column":493}},"2":{"start":{"line":23,"column":8},"end":{"line":23,"column":32}},"3":{"start":{"line":24,"column":8},"end":{"line":24,"column":25}},"4":{"start":{"line":25,"column":8},"end":{"line":25,"column":44}},"5":{"start":{"line":26,"column":8},"end":{"line":26,"column":34}},"6":{"start":{"line":34,"column":8},"end":{"line":34,"column":32}},"7":{"start":{"line":35,"column":8},"end":{"line":35,"column":25}},"8":{"start":{"line":36,"column":8},"end":{"line":36,"column":43}},"9":{"start":{"line":37,"column":8},"end":{"line":37,"column":1039}},"10":{"start":{"line":48,"column":8},"end":{"line":48,"column":1324}},"11":{"start":{"line":52,"column":8},"end":{"line":52,"column":56}},"12":{"start":{"line":53,"column":8},"end":{"line":53,"column":15}},"13":{"start":{"line":55,"column":8},"end":{"line":55,"column":1521}},"14":{"start":{"line":56,"column":12},"end":{"line":56,"column":1587}},"15":{"start":{"line":62,"column":8},"end":{"line":62,"column":1792}}},"branchMap":{"1":{"line":19,"type":"if","locations":[{"start":{"line":19,"column":8},"end":{"line":19,"column":8}},{"start":{"line":19,"column":8},"end":{"line":19,"column":8}}]},"2":{"line":48,"type":"if","locations":[{"start":{"line":48,"column":8},"end":{"line":48,"column":8}},{"start":{"line":48,"column":8},"end":{"line":48,"column":8}}]}}},"contracts\\IStrategy.sol":{"l":{},"path":"C:\\Users\\germa\\Documents\\Repositories\\blockchain\\blockchain-strategies-architecture\\contracts\\IStrategy.sol","s":{},"b":{},"f":{},"fnMap":{},"statementMap":{},"branchMap":{}},"contracts\\strategies\\CompoundStrategy.sol":{"l":{"17":0,"18":0,"19":0},"path":"C:\\Users\\germa\\Documents\\Repositories\\blockchain\\blockchain-strategies-architecture\\contracts\\strategies\\CompoundStrategy.sol","s":{"1":0,"2":0,"3":0},"b":{},"f":{"1":0,"2":0},"fnMap":{"1":{"name":"constructor","line":10,"loc":{"start":{"line":10,"column":4},"end":{"line":10,"column":42}}},"2":{"name":"executeAction","line":12,"loc":{"start":{"line":12,"column":4},"end":{"line":20,"column":4}}}},"statementMap":{"1":{"start":{"line":17,"column":8},"end":{"line":17,"column":28}},"2":{"start":{"line":18,"column":8},"end":{"line":18,"column":30}},"3":{"start":{"line":19,"column":8},"end":{"line":19,"column":26}}},"branchMap":{}},"contracts\\strategies\\UniSwapStrategy.sol":{"l":{"17":0,"18":0,"19":0},"path":"C:\\Users\\germa\\Documents\\Repositories\\blockchain\\blockchain-strategies-architecture\\contracts\\strategies\\UniSwapStrategy.sol","s":{"1":0,"2":0,"3":0},"b":{},"f":{"1":0,"2":0},"fnMap":{"1":{"name":"constructor","line":10,"loc":{"start":{"line":10,"column":4},"end":{"line":10,"column":42}}},"2":{"name":"executeAction","line":12,"loc":{"start":{"line":12,"column":4},"end":{"line":20,"column":4}}}},"statementMap":{"1":{"start":{"line":17,"column":8},"end":{"line":17,"column":35}},"2":{"start":{"line":18,"column":8},"end":{"line":18,"column":37}},"3":{"start":{"line":19,"column":8},"end":{"line":19,"column":26}}},"branchMap":{}},"contracts\\StrategyBase.sol":{"l":{"12":0,"19":0,"27":0,"32":0,"33":0,"34":0,"47":0},"path":"C:\\Users\\germa\\Documents\\Repositories\\blockchain\\blockchain-strategies-architecture\\contracts\\StrategyBase.sol","s":{"1":0,"2":0,"3":0,"4":0,"5":0,"6":0},"b":{},"f":{"1":0,"2":0,"3":0,"4":0},"fnMap":{"1":{"name":"constructor","line":11,"loc":{"start":{"line":11,"column":4},"end":{"line":13,"column":4}}},"2":{"name":"setNextStepInStrategy","line":15,"loc":{"start":{"line":15,"column":4},"end":{"line":20,"column":4}}},"3":{"name":"execute","line":22,"loc":{"start":{"line":22,"column":4},"end":{"line":38,"column":4}}},"4":{"name":"tokens","line":46,"loc":{"start":{"line":46,"column":4},"end":{"line":48,"column":4}}}},"statementMap":{"1":{"start":{"line":12,"column":8},"end":{"line":12,"column":35}},"2":{"start":{"line":19,"column":8},"end":{"line":19,"column":56}},"3":{"start":{"line":27,"column":8},"end":{"line":27,"column":740}},"4":{"start":{"line":32,"column":8},"end":{"line":32,"column":55}},"5":{"start":{"line":34,"column":8},"end":{"line":34,"column":1038}},"6":{"start":{"line":47,"column":8},"end":{"line":47,"column":33}}},"branchMap":{}}}